2022-11-04 17:17:28.330 ERROR o.s.b.diagnostics.LoggingFailureAnalysisReporter  :40   [32m                  [0;39m 

***************************
APPLICATION FAILED TO START
***************************

Description:

Field logMessageHandler in com.gznx.controller.TestController required a bean of type 'com.gznx.websocket.LogMessageHandler' that could not be found.

The injection point has the following annotations:
	- @org.springframework.beans.factory.annotation.Autowired(required=true)


Action:

Consider defining a bean of type 'com.gznx.websocket.LogMessageHandler' in your configuration.

2022-11-04 17:37:45.787 ERROR o.s.b.diagnostics.LoggingFailureAnalysisReporter  :40   [32m                  [0;39m 

***************************
APPLICATION FAILED TO START
***************************

Description:

The bean 'logMessageHandler', defined in class path resource [com/gznx/config/WebSocketConfig.class], could not be registered. A bean with that name has already been defined in file [D:\Program Files\apache-maven-3.6.0\repository\org\springframework\boot\spring-boot-starter-parent\2.5.10\target\classes\com\gznx\websocket\LogMessageHandler.class] and overriding is disabled.

Action:

Consider renaming one of the beans or enabling overriding by setting spring.main.allow-bean-definition-overriding=true

2022-11-04 17:38:05.733 ERROR o.s.b.diagnostics.LoggingFailureAnalysisReporter  :40   [32m                  [0;39m 

***************************
APPLICATION FAILED TO START
***************************

Description:

The bean 'logMessageHandler', defined in class path resource [com/gznx/config/WebSocketConfig.class], could not be registered. A bean with that name has already been defined in file [D:\Program Files\apache-maven-3.6.0\repository\org\springframework\boot\spring-boot-starter-parent\2.5.10\target\classes\com\gznx\websocket\LogMessageHandler.class] and overriding is disabled.

Action:

Consider renaming one of the beans or enabling overriding by setting spring.main.allow-bean-definition-overriding=true

2022-11-04 17:39:44.965 ERROR o.s.b.diagnostics.LoggingFailureAnalysisReporter  :40   [32m                  [0;39m 

***************************
APPLICATION FAILED TO START
***************************

Description:

The bean 'logMessageHandler', defined in class path resource [com/gznx/config/WebSocketConfig.class], could not be registered. A bean with that name has already been defined in file [D:\Program Files\apache-maven-3.6.0\repository\org\springframework\boot\spring-boot-starter-parent\2.5.10\target\classes\com\gznx\websocket\LogMessageHandler.class] and overriding is disabled.

Action:

Consider renaming one of the beans or enabling overriding by setting spring.main.allow-bean-definition-overriding=true

2022-11-04 17:41:18.342 ERROR o.s.b.diagnostics.LoggingFailureAnalysisReporter  :40   [32m                  [0;39m 

***************************
APPLICATION FAILED TO START
***************************

Description:

Field logMessageHandler in com.gznx.controller.TestController required a bean of type 'com.gznx.websocket.LogMessageHandler' that could not be found.

The injection point has the following annotations:
	- @org.springframework.beans.factory.annotation.Autowired(required=true)


Action:

Consider defining a bean of type 'com.gznx.websocket.LogMessageHandler' in your configuration.

2022-11-04 17:46:21.910 ERROR o.s.b.diagnostics.LoggingFailureAnalysisReporter  :40   [32m                  [0;39m 

***************************
APPLICATION FAILED TO START
***************************

Description:

Field logMessageHandler in com.gznx.controller.TestController required a bean of type 'com.gznx.websocket.LogMessageHandler' that could not be found.

The injection point has the following annotations:
	- @org.springframework.beans.factory.annotation.Autowired(required=true)
	- @org.springframework.beans.factory.annotation.Qualifier(value=logMessageHandler)


Action:

Consider defining a bean of type 'com.gznx.websocket.LogMessageHandler' in your configuration.

2022-11-04 18:05:45.151 ERROR com.gznx.websocket.LogMessageHandler              :51   [32m                  [0;39m ç”¨æˆ·[admin]sessionä¸å­˜åœ¨æˆ–æœªå¼€å¯ï¼
2022-11-04 18:05:45.152 ERROR com.gznx.websocket.LogMessageHandler              :51   [32m                  [0;39m ç”¨æˆ·[admin]sessionä¸å­˜åœ¨æˆ–æœªå¼€å¯ï¼
2022-11-04 18:05:45.153 ERROR com.gznx.websocket.LogMessageHandler              :51   [32m                  [0;39m ç”¨æˆ·[admin]sessionä¸å­˜åœ¨æˆ–æœªå¼€å¯ï¼
2022-11-04 18:05:46.154 ERROR com.gznx.websocket.LogMessageHandler              :51   [32m                  [0;39m ç”¨æˆ·[admin]sessionä¸å­˜åœ¨æˆ–æœªå¼€å¯ï¼
2022-11-04 18:05:47.170 ERROR com.gznx.websocket.LogMessageHandler              :51   [32m                  [0;39m ç”¨æˆ·[admin]sessionä¸å­˜åœ¨æˆ–æœªå¼€å¯ï¼
2022-11-04 18:05:48.179 ERROR com.gznx.websocket.LogMessageHandler              :51   [32m                  [0;39m ç”¨æˆ·[admin]sessionä¸å­˜åœ¨æˆ–æœªå¼€å¯ï¼
2022-11-04 18:05:48.179 ERROR com.gznx.websocket.LogMessageHandler              :51   [32m                  [0;39m ç”¨æˆ·[admin]sessionä¸å­˜åœ¨æˆ–æœªå¼€å¯ï¼
2022-11-04 18:05:48.179 ERROR com.gznx.websocket.LogMessageHandler              :51   [32m                  [0;39m ç”¨æˆ·[admin]sessionä¸å­˜åœ¨æˆ–æœªå¼€å¯ï¼
2022-11-04 18:05:48.180 ERROR com.gznx.websocket.LogMessageHandler              :51   [32m                  [0;39m ç”¨æˆ·[admin]sessionä¸å­˜åœ¨æˆ–æœªå¼€å¯ï¼
2022-11-04 18:05:48.180 ERROR com.gznx.websocket.LogMessageHandler              :51   [32m                  [0;39m ç”¨æˆ·[admin]sessionä¸å­˜åœ¨æˆ–æœªå¼€å¯ï¼
2022-11-04 18:05:48.180 ERROR com.gznx.websocket.LogMessageHandler              :51   [32m                  [0;39m ç”¨æˆ·[admin]sessionä¸å­˜åœ¨æˆ–æœªå¼€å¯ï¼
2022-11-04 18:06:11.391 ERROR com.gznx.websocket.LogMessageHandler              :51   [32m                  [0;39m ç”¨æˆ·[admin]sessionä¸å­˜åœ¨æˆ–æœªå¼€å¯ï¼
2022-11-04 18:06:11.392 ERROR com.gznx.websocket.LogMessageHandler              :51   [32m                  [0;39m ç”¨æˆ·[admin]sessionä¸å­˜åœ¨æˆ–æœªå¼€å¯ï¼
2022-11-04 18:06:11.392 ERROR com.gznx.websocket.LogMessageHandler              :51   [32m                  [0;39m ç”¨æˆ·[admin]sessionä¸å­˜åœ¨æˆ–æœªå¼€å¯ï¼
2022-11-04 18:06:12.399 ERROR com.gznx.websocket.LogMessageHandler              :51   [32m                  [0;39m ç”¨æˆ·[admin]sessionä¸å­˜åœ¨æˆ–æœªå¼€å¯ï¼
2022-11-04 18:06:13.403 ERROR com.gznx.websocket.LogMessageHandler              :51   [32m                  [0;39m ç”¨æˆ·[admin]sessionä¸å­˜åœ¨æˆ–æœªå¼€å¯ï¼
2022-11-04 18:06:14.409 ERROR com.gznx.websocket.LogMessageHandler              :51   [32m                  [0;39m ç”¨æˆ·[admin]sessionä¸å­˜åœ¨æˆ–æœªå¼€å¯ï¼
2022-11-04 18:06:14.409 ERROR com.gznx.websocket.LogMessageHandler              :51   [32m                  [0;39m ç”¨æˆ·[admin]sessionä¸å­˜åœ¨æˆ–æœªå¼€å¯ï¼
2022-11-04 18:06:14.409 ERROR com.gznx.websocket.LogMessageHandler              :51   [32m                  [0;39m ç”¨æˆ·[admin]sessionä¸å­˜åœ¨æˆ–æœªå¼€å¯ï¼
2022-11-04 18:06:14.410 ERROR com.gznx.websocket.LogMessageHandler              :51   [32m                  [0;39m ç”¨æˆ·[admin]sessionä¸å­˜åœ¨æˆ–æœªå¼€å¯ï¼
2022-11-04 18:06:14.410 ERROR com.gznx.websocket.LogMessageHandler              :51   [32m                  [0;39m ç”¨æˆ·[admin]sessionä¸å­˜åœ¨æˆ–æœªå¼€å¯ï¼
2022-11-04 18:06:14.410 ERROR com.gznx.websocket.LogMessageHandler              :51   [32m                  [0;39m ç”¨æˆ·[admin]sessionä¸å­˜åœ¨æˆ–æœªå¼€å¯ï¼
