2022-11-08 09:32:55.628 ERROR com.gznx.service.ExecutorService                  :45   [32m                  [0;39m æ—¥å¿—æµè¯»å–çº¿ç¨‹ä¸­æ–­ï¼
java.lang.InterruptedException: çº¿ç¨‹è¢«ä¸­æ–­
	at com.gznx.service.ExecutorService$1.run(ExecutorService.java:34)
	at java.lang.Thread.run(Thread.java:748)
2022-11-08 09:53:37.133 ERROR com.gznx.service.ExecutorService                  :51   [32m                  [0;39m æ—¥å¿—æµè¯»å–çº¿ç¨‹ä¸­æ–­ï¼
java.lang.InterruptedException: çº¿ç¨‹è¢«ä¸­æ–­
	at com.gznx.service.ExecutorService$1.run(ExecutorService.java:38)
	at java.lang.Thread.run(Thread.java:748)
2022-11-08 09:54:20.134 ERROR com.gznx.websocket.LogMessageHandler              :52   [32m                  [0;39m å‘ç”¨æˆ·[admin]å‘é€æ¶ˆæ¯å¤±è´¥ï¼
java.io.IOException: The current thread was interrupted while waiting for a blocking send to complete
	at org.apache.tomcat.websocket.WsRemoteEndpointImplBase.sendMessageBlock(WsRemoteEndpointImplBase.java:309)
	at org.apache.tomcat.websocket.WsRemoteEndpointImplBase.sendMessageBlock(WsRemoteEndpointImplBase.java:254)
	at org.apache.tomcat.websocket.WsRemoteEndpointImplBase.sendPartialString(WsRemoteEndpointImplBase.java:227)
	at org.apache.tomcat.websocket.WsRemoteEndpointBasic.sendText(WsRemoteEndpointBasic.java:49)
	at org.springframework.web.socket.adapter.standard.StandardWebSocketSession.sendTextMessage(StandardWebSocketSession.java:215)
	at org.springframework.web.socket.adapter.AbstractWebSocketSession.sendMessage(AbstractWebSocketSession.java:106)
	at com.gznx.websocket.LogMessageHandler.sendMessageToUser(LogMessageHandler.java:50)
	at com.gznx.service.ExecutorService$1.run(ExecutorService.java:41)
	at java.lang.Thread.run(Thread.java:748)
Caused by: java.lang.InterruptedException: null
	at java.util.concurrent.locks.AbstractQueuedSynchronizer.tryAcquireSharedNanos(AbstractQueuedSynchronizer.java:1326)
	at java.util.concurrent.Semaphore.tryAcquire(Semaphore.java:409)
	at org.apache.tomcat.websocket.WsRemoteEndpointImplBase.sendMessageBlock(WsRemoteEndpointImplBase.java:299)
	... 8 common frames omitted
2022-11-08 09:54:23.131 ERROR com.gznx.websocket.LogMessageHandler              :55   [32m                  [0;39m ç”¨æˆ·[admin]sessionä¸å­˜åœ¨æˆ–æœªå¼€å¯ï¼
2022-11-08 09:54:26.133 ERROR com.gznx.websocket.LogMessageHandler              :55   [32m                  [0;39m ç”¨æˆ·[admin]sessionä¸å­˜åœ¨æˆ–æœªå¼€å¯ï¼
2022-11-08 09:54:29.130 ERROR com.gznx.websocket.LogMessageHandler              :55   [32m                  [0;39m ç”¨æˆ·[admin]sessionä¸å­˜åœ¨æˆ–æœªå¼€å¯ï¼
2022-11-08 09:54:29.130 ERROR com.gznx.websocket.LogMessageHandler              :55   [32m                  [0;39m ç”¨æˆ·[admin]sessionä¸å­˜åœ¨æˆ–æœªå¼€å¯ï¼
2022-11-08 09:54:29.131 ERROR com.gznx.websocket.LogMessageHandler              :55   [32m                  [0;39m ç”¨æˆ·[admin]sessionä¸å­˜åœ¨æˆ–æœªå¼€å¯ï¼
2022-11-08 09:54:29.131 ERROR com.gznx.websocket.LogMessageHandler              :55   [32m                  [0;39m ç”¨æˆ·[admin]sessionä¸å­˜åœ¨æˆ–æœªå¼€å¯ï¼
2022-11-08 09:55:24.141 ERROR com.gznx.service.ExecutorService                  :51   [32m                  [0;39m æ—¥å¿—æµè¯»å–çº¿ç¨‹ä¸­æ–­ï¼
java.lang.InterruptedException: çº¿ç¨‹è¢«ä¸­æ–­
	at com.gznx.service.ExecutorService$1.run(ExecutorService.java:38)
	at java.lang.Thread.run(Thread.java:748)
2022-11-08 09:55:37.123 ERROR com.gznx.service.ExecutorService                  :51   [32m                  [0;39m æ—¥å¿—æµè¯»å–çº¿ç¨‹ä¸­æ–­ï¼
java.lang.InterruptedException: çº¿ç¨‹è¢«ä¸­æ–­
	at com.gznx.service.ExecutorService$1.run(ExecutorService.java:38)
	at java.lang.Thread.run(Thread.java:748)
2022-11-08 10:00:04.629 ERROR com.gznx.service.ExecutorService                  :52   [32m                  [0;39m ping 10.128.103.45 æ‰§è¡Œçº¿ç¨‹ä¸­æ–­ï¼
java.lang.InterruptedException: çº¿ç¨‹è¢«æ‰‹åŠ¨ä¸­æ–­
	at com.gznx.service.ExecutorService$1.run(ExecutorService.java:38)
	at java.lang.Thread.run(Thread.java:748)
2022-11-08 10:02:00.128 ERROR com.gznx.service.ExecutorService                  :52   [32m                  [0;39m ping 10.128.103.45 æ‰§è¡Œçº¿ç¨‹ä¸­æ–­ï¼
java.lang.InterruptedException: çº¿ç¨‹è¢«æ‰‹åŠ¨ä¸­æ–­
	at com.gznx.service.ExecutorService$1.run(ExecutorService.java:38)
	at java.lang.Thread.run(Thread.java:748)
2022-11-08 10:03:35.018 ERROR com.gznx.service.ExecutorService                  :52   [32m                  [0;39m ping 10.128.103.45 æ‰§è¡Œçº¿ç¨‹ä¸­æ–­ï¼
java.lang.InterruptedException: null
	at java.lang.ProcessImpl.waitFor(ProcessImpl.java:451)
	at com.gznx.service.ExecutorService$1.run(ExecutorService.java:47)
	at java.lang.Thread.run(Thread.java:748)
2022-11-08 10:24:21.639 ERROR com.gznx.service.ExecutorService                  :52   [32m                  [0;39m ping 10.128.103.45 æ‰§è¡Œçº¿ç¨‹ä¸­æ–­ï¼
java.lang.InterruptedException: çº¿ç¨‹è¢«æ‰‹åŠ¨ä¸­æ–­
	at com.gznx.service.ExecutorService$1.run(ExecutorService.java:38)
	at java.lang.Thread.run(Thread.java:748)
