2022-11-14 00:03:55.505 INFO  com.gznx.config.BootstrapApplication              :55   [32m                  [0;39m Starting BootstrapApplication using Java 1.8.0_351 on Avalon with PID 17420 (F:\code\bootstrap\target\classes started by Avalon in F:\code\bootstrap)
2022-11-14 00:03:55.516 INFO  com.gznx.config.BootstrapApplication              :675  [32m                  [0;39m No active profile set, falling back to 1 default profile: "default"
2022-11-14 00:03:56.585 INFO  o.s.boot.web.embedded.tomcat.TomcatWebServer      :108  [32m                  [0;39m Tomcat initialized with port(s): 8081 (http)
2022-11-14 00:03:56.594 INFO  org.apache.coyote.http11.Http11NioProtocol        :173  [32m                  [0;39m Initializing ProtocolHandler ["http-nio-8081"]
2022-11-14 00:03:56.595 INFO  org.apache.catalina.core.StandardService          :173  [32m                  [0;39m Starting service [Tomcat]
2022-11-14 00:03:56.596 INFO  org.apache.catalina.core.StandardEngine           :173  [32m                  [0;39m Starting Servlet engine: [Apache Tomcat/9.0.58]
2022-11-14 00:03:56.668 INFO  o.a.c.core.ContainerBase.[Tomcat].[localhost].[/] :173  [32m                  [0;39m Initializing Spring embedded WebApplicationContext
2022-11-14 00:03:56.668 INFO  o.s.b.w.s.c.ServletWebServerApplicationContext    :290  [32m                  [0;39m Root WebApplicationContext: initialization completed in 1102 ms
2022-11-14 00:03:57.046 INFO  org.apache.coyote.http11.Http11NioProtocol        :173  [32m                  [0;39m Starting ProtocolHandler ["http-nio-8081"]
2022-11-14 00:03:57.062 INFO  o.s.boot.web.embedded.tomcat.TomcatWebServer      :220  [32m                  [0;39m Tomcat started on port(s): 8081 (http) with context path ''
2022-11-14 00:03:57.071 INFO  com.gznx.config.BootstrapApplication              :61   [32m                  [0;39m Started BootstrapApplication in 2.257 seconds (JVM running for 5.142)
2022-11-14 00:03:57.074 INFO  com.gznx.config.BootstrapApplication              :18   [32m                  [0;39m Bootstrap 启动成功！！
2022-11-14 00:03:57.074 INFO  com.gznx.config.BootstrapApplication              :19   [32m                  [0;39m 地址：	http://localhost:8081
2022-11-14 00:04:13.299 INFO  o.a.c.core.ContainerBase.[Tomcat].[localhost].[/] :173  [32m                  [0;39m Initializing Spring DispatcherServlet 'dispatcherServlet'
2022-11-14 00:04:13.300 INFO  org.springframework.web.servlet.DispatcherServlet :525  [32m                  [0;39m Initializing Servlet 'dispatcherServlet'
2022-11-14 00:04:13.300 INFO  org.springframework.web.servlet.DispatcherServlet :547  [32m                  [0;39m Completed initialization in 0 ms
2022-11-14 00:04:13.536 WARN  org.apache.catalina.connector.Request             :173  [32m                  [0;39m Creating the temporary upload location [C:\Users\Administrator\AppData\Local\Temp\tomcat.8081.4700049810795091403\work\Tomcat\localhost\ROOT\.\upload_temp] as it is required by the servlet [dispatcherServlet]
2022-11-14 00:05:45.373 INFO  com.gznx.config.BootstrapApplication              :55   [32m                  [0;39m Starting BootstrapApplication using Java 1.8.0_351 on Avalon with PID 20180 (F:\code\bootstrap\target\classes started by Avalon in F:\code\bootstrap)
2022-11-14 00:05:45.378 INFO  com.gznx.config.BootstrapApplication              :675  [32m                  [0;39m No active profile set, falling back to 1 default profile: "default"
2022-11-14 00:05:46.397 INFO  o.s.boot.web.embedded.tomcat.TomcatWebServer      :108  [32m                  [0;39m Tomcat initialized with port(s): 8081 (http)
2022-11-14 00:05:46.408 INFO  org.apache.coyote.http11.Http11NioProtocol        :173  [32m                  [0;39m Initializing ProtocolHandler ["http-nio-8081"]
2022-11-14 00:05:46.409 INFO  org.apache.catalina.core.StandardService          :173  [32m                  [0;39m Starting service [Tomcat]
2022-11-14 00:05:46.410 INFO  org.apache.catalina.core.StandardEngine           :173  [32m                  [0;39m Starting Servlet engine: [Apache Tomcat/9.0.58]
2022-11-14 00:05:46.506 INFO  o.a.c.core.ContainerBase.[Tomcat].[localhost].[/] :173  [32m                  [0;39m Initializing Spring embedded WebApplicationContext
2022-11-14 00:05:46.507 INFO  o.s.b.w.s.c.ServletWebServerApplicationContext    :290  [32m                  [0;39m Root WebApplicationContext: initialization completed in 1062 ms
2022-11-14 00:05:46.902 INFO  org.apache.coyote.http11.Http11NioProtocol        :173  [32m                  [0;39m Starting ProtocolHandler ["http-nio-8081"]
2022-11-14 00:05:46.919 INFO  o.s.boot.web.embedded.tomcat.TomcatWebServer      :220  [32m                  [0;39m Tomcat started on port(s): 8081 (http) with context path ''
2022-11-14 00:05:46.928 INFO  com.gznx.config.BootstrapApplication              :61   [32m                  [0;39m Started BootstrapApplication in 2.267 seconds (JVM running for 5.261)
2022-11-14 00:05:46.931 INFO  com.gznx.config.BootstrapApplication              :18   [32m                  [0;39m Bootstrap 启动成功！！
2022-11-14 00:05:46.931 INFO  com.gznx.config.BootstrapApplication              :19   [32m                  [0;39m 地址：	http://localhost:8081
2022-11-14 00:05:53.828 INFO  o.a.c.core.ContainerBase.[Tomcat].[localhost].[/] :173  [32m                  [0;39m Initializing Spring DispatcherServlet 'dispatcherServlet'
2022-11-14 00:05:53.829 INFO  org.springframework.web.servlet.DispatcherServlet :525  [32m                  [0;39m Initializing Servlet 'dispatcherServlet'
2022-11-14 00:05:53.830 INFO  org.springframework.web.servlet.DispatcherServlet :547  [32m                  [0;39m Completed initialization in 1 ms
2022-11-14 00:05:54.033 WARN  org.apache.catalina.connector.Request             :173  [32m                  [0;39m Creating the temporary upload location [C:\Users\Administrator\AppData\Local\Temp\tomcat.8081.8370572477160079797\work\Tomcat\localhost\ROOT\.\upload_temp] as it is required by the servlet [dispatcherServlet]
2022-11-14 00:07:20.871 INFO  com.gznx.config.BootstrapApplication              :55   [32m                  [0;39m Starting BootstrapApplication using Java 1.8.0_351 on Avalon with PID 20084 (F:\code\bootstrap\target\classes started by Avalon in F:\code\bootstrap)
2022-11-14 00:07:20.874 INFO  com.gznx.config.BootstrapApplication              :675  [32m                  [0;39m No active profile set, falling back to 1 default profile: "default"
2022-11-14 00:07:21.842 INFO  o.s.boot.web.embedded.tomcat.TomcatWebServer      :108  [32m                  [0;39m Tomcat initialized with port(s): 8081 (http)
2022-11-14 00:07:21.852 INFO  org.apache.coyote.http11.Http11NioProtocol        :173  [32m                  [0;39m Initializing ProtocolHandler ["http-nio-8081"]
2022-11-14 00:07:21.853 INFO  org.apache.catalina.core.StandardService          :173  [32m                  [0;39m Starting service [Tomcat]
2022-11-14 00:07:21.853 INFO  org.apache.catalina.core.StandardEngine           :173  [32m                  [0;39m Starting Servlet engine: [Apache Tomcat/9.0.58]
2022-11-14 00:07:21.930 INFO  o.a.c.core.ContainerBase.[Tomcat].[localhost].[/] :173  [32m                  [0;39m Initializing Spring embedded WebApplicationContext
2022-11-14 00:07:21.931 INFO  o.s.b.w.s.c.ServletWebServerApplicationContext    :290  [32m                  [0;39m Root WebApplicationContext: initialization completed in 1015 ms
2022-11-14 00:07:22.383 INFO  org.apache.coyote.http11.Http11NioProtocol        :173  [32m                  [0;39m Starting ProtocolHandler ["http-nio-8081"]
2022-11-14 00:07:22.407 INFO  o.s.boot.web.embedded.tomcat.TomcatWebServer      :220  [32m                  [0;39m Tomcat started on port(s): 8081 (http) with context path ''
2022-11-14 00:07:22.419 INFO  com.gznx.config.BootstrapApplication              :61   [32m                  [0;39m Started BootstrapApplication in 2.345 seconds (JVM running for 5.504)
2022-11-14 00:07:22.422 INFO  com.gznx.config.BootstrapApplication              :18   [32m                  [0;39m Bootstrap 启动成功！！
2022-11-14 00:07:22.423 INFO  com.gznx.config.BootstrapApplication              :19   [32m                  [0;39m 地址：	http://localhost:8081
2022-11-14 00:07:28.073 INFO  o.a.c.core.ContainerBase.[Tomcat].[localhost].[/] :173  [32m                  [0;39m Initializing Spring DispatcherServlet 'dispatcherServlet'
2022-11-14 00:07:28.074 INFO  org.springframework.web.servlet.DispatcherServlet :525  [32m                  [0;39m Initializing Servlet 'dispatcherServlet'
2022-11-14 00:07:28.074 INFO  org.springframework.web.servlet.DispatcherServlet :547  [32m                  [0;39m Completed initialization in 0 ms
2022-11-14 00:07:28.282 WARN  org.apache.catalina.connector.Request             :173  [32m                  [0;39m Creating the temporary upload location [C:\Users\Administrator\AppData\Local\Temp\tomcat.8081.8098488759023988796\work\Tomcat\localhost\ROOT\.\upload_temp] as it is required by the servlet [dispatcherServlet]
2022-11-14 00:19:31.170 INFO  com.gznx.config.BootstrapApplication              :55   [32m                  [0;39m Starting BootstrapApplication using Java 1.8.0_351 on Avalon with PID 17884 (F:\code\bootstrap\target\classes started by Avalon in F:\code\bootstrap)
2022-11-14 00:19:31.174 INFO  com.gznx.config.BootstrapApplication              :675  [32m                  [0;39m No active profile set, falling back to 1 default profile: "default"
2022-11-14 00:19:32.215 INFO  o.s.boot.web.embedded.tomcat.TomcatWebServer      :108  [32m                  [0;39m Tomcat initialized with port(s): 8081 (http)
2022-11-14 00:19:32.225 INFO  org.apache.coyote.http11.Http11NioProtocol        :173  [32m                  [0;39m Initializing ProtocolHandler ["http-nio-8081"]
2022-11-14 00:19:32.226 INFO  org.apache.catalina.core.StandardService          :173  [32m                  [0;39m Starting service [Tomcat]
2022-11-14 00:19:32.227 INFO  org.apache.catalina.core.StandardEngine           :173  [32m                  [0;39m Starting Servlet engine: [Apache Tomcat/9.0.58]
2022-11-14 00:19:32.304 INFO  o.a.c.core.ContainerBase.[Tomcat].[localhost].[/] :173  [32m                  [0;39m Initializing Spring embedded WebApplicationContext
2022-11-14 00:19:32.304 INFO  o.s.b.w.s.c.ServletWebServerApplicationContext    :290  [32m                  [0;39m Root WebApplicationContext: initialization completed in 1085 ms
2022-11-14 00:19:32.801 INFO  org.apache.coyote.http11.Http11NioProtocol        :173  [32m                  [0;39m Starting ProtocolHandler ["http-nio-8081"]
2022-11-14 00:19:32.838 INFO  o.s.boot.web.embedded.tomcat.TomcatWebServer      :220  [32m                  [0;39m Tomcat started on port(s): 8081 (http) with context path ''
2022-11-14 00:19:32.850 INFO  com.gznx.config.BootstrapApplication              :61   [32m                  [0;39m Started BootstrapApplication in 2.655 seconds (JVM running for 6.462)
2022-11-14 00:19:32.853 INFO  com.gznx.config.BootstrapApplication              :18   [32m                  [0;39m Bootstrap 启动成功！！
2022-11-14 00:19:32.854 INFO  com.gznx.config.BootstrapApplication              :19   [32m                  [0;39m 地址：	http://localhost:8081
2022-11-14 00:19:38.775 INFO  o.a.c.core.ContainerBase.[Tomcat].[localhost].[/] :173  [32m                  [0;39m Initializing Spring DispatcherServlet 'dispatcherServlet'
2022-11-14 00:19:38.775 INFO  org.springframework.web.servlet.DispatcherServlet :525  [32m                  [0;39m Initializing Servlet 'dispatcherServlet'
2022-11-14 00:19:38.776 INFO  org.springframework.web.servlet.DispatcherServlet :547  [32m                  [0;39m Completed initialization in 1 ms
2022-11-14 00:19:38.993 WARN  org.apache.catalina.connector.Request             :173  [32m                  [0;39m Creating the temporary upload location [C:\Users\Administrator\AppData\Local\Temp\tomcat.8081.8504166491689785747\work\Tomcat\localhost\ROOT\.\upload_temp] as it is required by the servlet [dispatcherServlet]
2022-11-14 00:24:20.045 INFO  com.gznx.config.BootstrapApplication              :55   [32m                  [0;39m Starting BootstrapApplication using Java 1.8.0_351 on Avalon with PID 19776 (F:\code\bootstrap\target\classes started by Avalon in F:\code\bootstrap)
2022-11-14 00:24:20.049 INFO  com.gznx.config.BootstrapApplication              :675  [32m                  [0;39m No active profile set, falling back to 1 default profile: "default"
2022-11-14 00:24:20.880 INFO  o.s.boot.web.embedded.tomcat.TomcatWebServer      :108  [32m                  [0;39m Tomcat initialized with port(s): 8081 (http)
2022-11-14 00:24:20.889 INFO  org.apache.coyote.http11.Http11NioProtocol        :173  [32m                  [0;39m Initializing ProtocolHandler ["http-nio-8081"]
2022-11-14 00:24:20.889 INFO  org.apache.catalina.core.StandardService          :173  [32m                  [0;39m Starting service [Tomcat]
2022-11-14 00:24:20.890 INFO  org.apache.catalina.core.StandardEngine           :173  [32m                  [0;39m Starting Servlet engine: [Apache Tomcat/9.0.58]
2022-11-14 00:24:20.960 INFO  o.a.c.core.ContainerBase.[Tomcat].[localhost].[/] :173  [32m                  [0;39m Initializing Spring embedded WebApplicationContext
2022-11-14 00:24:20.961 INFO  o.s.b.w.s.c.ServletWebServerApplicationContext    :290  [32m                  [0;39m Root WebApplicationContext: initialization completed in 868 ms
2022-11-14 00:24:21.315 INFO  org.apache.coyote.http11.Http11NioProtocol        :173  [32m                  [0;39m Starting ProtocolHandler ["http-nio-8081"]
2022-11-14 00:24:21.342 INFO  o.s.boot.web.embedded.tomcat.TomcatWebServer      :220  [32m                  [0;39m Tomcat started on port(s): 8081 (http) with context path ''
2022-11-14 00:24:21.351 INFO  com.gznx.config.BootstrapApplication              :61   [32m                  [0;39m Started BootstrapApplication in 2.005 seconds (JVM running for 4.958)
2022-11-14 00:24:21.354 INFO  com.gznx.config.BootstrapApplication              :18   [32m                  [0;39m Bootstrap 启动成功！！
2022-11-14 00:24:21.354 INFO  com.gznx.config.BootstrapApplication              :19   [32m                  [0;39m 地址：	http://localhost:8081
2022-11-14 00:24:30.494 INFO  o.a.c.core.ContainerBase.[Tomcat].[localhost].[/] :173  [32m                  [0;39m Initializing Spring DispatcherServlet 'dispatcherServlet'
2022-11-14 00:24:30.495 INFO  org.springframework.web.servlet.DispatcherServlet :525  [32m                  [0;39m Initializing Servlet 'dispatcherServlet'
2022-11-14 00:24:30.496 INFO  org.springframework.web.servlet.DispatcherServlet :547  [32m                  [0;39m Completed initialization in 1 ms
2022-11-14 00:24:30.717 WARN  org.apache.catalina.connector.Request             :173  [32m                  [0;39m Creating the temporary upload location [C:\Users\Administrator\AppData\Local\Temp\tomcat.8081.8196581453663541307\work\Tomcat\localhost\ROOT\.\upload_temp] as it is required by the servlet [dispatcherServlet]
2022-11-14 00:27:52.285 INFO  com.gznx.config.BootstrapApplication              :55   [32m                  [0;39m Starting BootstrapApplication using Java 1.8.0_351 on Avalon with PID 19640 (F:\code\bootstrap\target\classes started by Avalon in F:\code\bootstrap)
2022-11-14 00:27:52.290 INFO  com.gznx.config.BootstrapApplication              :675  [32m                  [0;39m No active profile set, falling back to 1 default profile: "default"
2022-11-14 00:27:53.116 INFO  o.s.boot.web.embedded.tomcat.TomcatWebServer      :108  [32m                  [0;39m Tomcat initialized with port(s): 8081 (http)
2022-11-14 00:27:53.125 INFO  org.apache.coyote.http11.Http11NioProtocol        :173  [32m                  [0;39m Initializing ProtocolHandler ["http-nio-8081"]
2022-11-14 00:27:53.125 INFO  org.apache.catalina.core.StandardService          :173  [32m                  [0;39m Starting service [Tomcat]
2022-11-14 00:27:53.126 INFO  org.apache.catalina.core.StandardEngine           :173  [32m                  [0;39m Starting Servlet engine: [Apache Tomcat/9.0.58]
2022-11-14 00:27:53.197 INFO  o.a.c.core.ContainerBase.[Tomcat].[localhost].[/] :173  [32m                  [0;39m Initializing Spring embedded WebApplicationContext
2022-11-14 00:27:53.197 INFO  o.s.b.w.s.c.ServletWebServerApplicationContext    :290  [32m                  [0;39m Root WebApplicationContext: initialization completed in 863 ms
2022-11-14 00:27:53.557 INFO  org.apache.coyote.http11.Http11NioProtocol        :173  [32m                  [0;39m Starting ProtocolHandler ["http-nio-8081"]
2022-11-14 00:27:53.598 INFO  o.s.boot.web.embedded.tomcat.TomcatWebServer      :220  [32m                  [0;39m Tomcat started on port(s): 8081 (http) with context path ''
2022-11-14 00:27:53.607 INFO  com.gznx.config.BootstrapApplication              :61   [32m                  [0;39m Started BootstrapApplication in 1.967 seconds (JVM running for 5.046)
2022-11-14 00:27:53.611 INFO  com.gznx.config.BootstrapApplication              :18   [32m                  [0;39m Bootstrap 启动成功！！
2022-11-14 00:27:53.612 INFO  com.gznx.config.BootstrapApplication              :19   [32m                  [0;39m 地址：	http://localhost:8081
2022-11-14 00:28:01.484 INFO  o.a.c.core.ContainerBase.[Tomcat].[localhost].[/] :173  [32m                  [0;39m Initializing Spring DispatcherServlet 'dispatcherServlet'
2022-11-14 00:28:01.485 INFO  org.springframework.web.servlet.DispatcherServlet :525  [32m                  [0;39m Initializing Servlet 'dispatcherServlet'
2022-11-14 00:28:01.485 INFO  org.springframework.web.servlet.DispatcherServlet :547  [32m                  [0;39m Completed initialization in 0 ms
2022-11-14 00:28:01.735 WARN  org.apache.catalina.connector.Request             :173  [32m                  [0;39m Creating the temporary upload location [C:\Users\Administrator\AppData\Local\Temp\tomcat.8081.1768680163455140469\work\Tomcat\localhost\ROOT\.\upload_temp] as it is required by the servlet [dispatcherServlet]
2022-11-14 00:29:03.201 INFO  com.gznx.service.UploadService                    :106  [32m                  [0;39m 创建文件
2022-11-14 00:46:04.275 INFO  com.gznx.config.BootstrapApplication              :55   [32m                  [0;39m Starting BootstrapApplication using Java 1.8.0_351 on Avalon with PID 6044 (F:\code\bootstrap\target\classes started by Avalon in F:\code\bootstrap)
2022-11-14 00:46:04.279 INFO  com.gznx.config.BootstrapApplication              :675  [32m                  [0;39m No active profile set, falling back to 1 default profile: "default"
2022-11-14 00:46:05.346 INFO  o.s.boot.web.embedded.tomcat.TomcatWebServer      :108  [32m                  [0;39m Tomcat initialized with port(s): 8081 (http)
2022-11-14 00:46:05.360 INFO  org.apache.coyote.http11.Http11NioProtocol        :173  [32m                  [0;39m Initializing ProtocolHandler ["http-nio-8081"]
2022-11-14 00:46:05.362 INFO  org.apache.catalina.core.StandardService          :173  [32m                  [0;39m Starting service [Tomcat]
2022-11-14 00:46:05.363 INFO  org.apache.catalina.core.StandardEngine           :173  [32m                  [0;39m Starting Servlet engine: [Apache Tomcat/9.0.58]
2022-11-14 00:46:05.454 INFO  o.a.c.core.ContainerBase.[Tomcat].[localhost].[/] :173  [32m                  [0;39m Initializing Spring embedded WebApplicationContext
2022-11-14 00:46:05.454 INFO  o.s.b.w.s.c.ServletWebServerApplicationContext    :290  [32m                  [0;39m Root WebApplicationContext: initialization completed in 1123 ms
2022-11-14 00:46:06.107 INFO  org.apache.coyote.http11.Http11NioProtocol        :173  [32m                  [0;39m Starting ProtocolHandler ["http-nio-8081"]
2022-11-14 00:46:06.134 INFO  o.s.boot.web.embedded.tomcat.TomcatWebServer      :220  [32m                  [0;39m Tomcat started on port(s): 8081 (http) with context path ''
2022-11-14 00:46:06.149 INFO  com.gznx.config.BootstrapApplication              :61   [32m                  [0;39m Started BootstrapApplication in 2.588 seconds (JVM running for 5.607)
2022-11-14 00:46:06.152 INFO  com.gznx.config.BootstrapApplication              :18   [32m                  [0;39m Bootstrap 启动成功！！
2022-11-14 00:46:06.154 INFO  com.gznx.config.BootstrapApplication              :19   [32m                  [0;39m 地址：	http://localhost:8081
2022-11-14 00:46:14.010 INFO  o.a.c.core.ContainerBase.[Tomcat].[localhost].[/] :173  [32m                  [0;39m Initializing Spring DispatcherServlet 'dispatcherServlet'
2022-11-14 00:46:14.011 INFO  org.springframework.web.servlet.DispatcherServlet :525  [32m                  [0;39m Initializing Servlet 'dispatcherServlet'
2022-11-14 00:46:14.012 INFO  org.springframework.web.servlet.DispatcherServlet :547  [32m                  [0;39m Completed initialization in 1 ms
2022-11-14 00:46:14.189 WARN  org.apache.catalina.connector.Request             :173  [32m                  [0;39m Creating the temporary upload location [C:\Users\Administrator\AppData\Local\Temp\tomcat.8081.4181104578220986531\work\Tomcat\localhost\ROOT\.\upload_temp] as it is required by the servlet [dispatcherServlet]
2022-11-14 00:47:34.846 INFO  com.gznx.config.BootstrapApplication              :55   [32m                  [0;39m Starting BootstrapApplication using Java 1.8.0_351 on Avalon with PID 10452 (F:\code\bootstrap\target\classes started by Avalon in F:\code\bootstrap)
2022-11-14 00:47:34.850 INFO  com.gznx.config.BootstrapApplication              :675  [32m                  [0;39m No active profile set, falling back to 1 default profile: "default"
2022-11-14 00:47:36.068 INFO  o.s.boot.web.embedded.tomcat.TomcatWebServer      :108  [32m                  [0;39m Tomcat initialized with port(s): 8081 (http)
2022-11-14 00:47:36.077 INFO  org.apache.coyote.http11.Http11NioProtocol        :173  [32m                  [0;39m Initializing ProtocolHandler ["http-nio-8081"]
2022-11-14 00:47:36.077 INFO  org.apache.catalina.core.StandardService          :173  [32m                  [0;39m Starting service [Tomcat]
2022-11-14 00:47:36.078 INFO  org.apache.catalina.core.StandardEngine           :173  [32m                  [0;39m Starting Servlet engine: [Apache Tomcat/9.0.58]
2022-11-14 00:47:36.165 INFO  o.a.c.core.ContainerBase.[Tomcat].[localhost].[/] :173  [32m                  [0;39m Initializing Spring embedded WebApplicationContext
2022-11-14 00:47:36.165 INFO  o.s.b.w.s.c.ServletWebServerApplicationContext    :290  [32m                  [0;39m Root WebApplicationContext: initialization completed in 1268 ms
2022-11-14 00:47:36.527 INFO  org.apache.coyote.http11.Http11NioProtocol        :173  [32m                  [0;39m Starting ProtocolHandler ["http-nio-8081"]
2022-11-14 00:47:36.562 INFO  o.s.boot.web.embedded.tomcat.TomcatWebServer      :220  [32m                  [0;39m Tomcat started on port(s): 8081 (http) with context path ''
2022-11-14 00:47:36.572 INFO  com.gznx.config.BootstrapApplication              :61   [32m                  [0;39m Started BootstrapApplication in 2.446 seconds (JVM running for 6.183)
2022-11-14 00:47:36.577 INFO  com.gznx.config.BootstrapApplication              :18   [32m                  [0;39m Bootstrap 启动成功！！
2022-11-14 00:47:36.577 INFO  com.gznx.config.BootstrapApplication              :19   [32m                  [0;39m 地址：	http://localhost:8081
2022-11-14 00:47:44.987 INFO  o.a.c.core.ContainerBase.[Tomcat].[localhost].[/] :173  [32m                  [0;39m Initializing Spring DispatcherServlet 'dispatcherServlet'
2022-11-14 00:47:44.988 INFO  org.springframework.web.servlet.DispatcherServlet :525  [32m                  [0;39m Initializing Servlet 'dispatcherServlet'
2022-11-14 00:47:44.989 INFO  org.springframework.web.servlet.DispatcherServlet :547  [32m                  [0;39m Completed initialization in 1 ms
2022-11-14 00:47:45.170 WARN  org.apache.catalina.connector.Request             :173  [32m                  [0;39m Creating the temporary upload location [C:\Users\Administrator\AppData\Local\Temp\tomcat.8081.6576943413706670699\work\Tomcat\localhost\ROOT\.\upload_temp] as it is required by the servlet [dispatcherServlet]
2022-11-14 00:47:45.288 WARN  o.s.w.s.m.support.DefaultHandlerExceptionResolver :208  [32m                  [0;39m Resolved [org.springframework.web.HttpMediaTypeNotSupportedException: Content type 'multipart/form-data;boundary=----WebKitFormBoundaryzAQcBweDOoZPVUzV;charset=UTF-8' not supported]
2022-11-14 00:48:11.556 WARN  o.s.w.s.m.support.DefaultHandlerExceptionResolver :208  [32m                  [0;39m Resolved [org.springframework.web.HttpMediaTypeNotSupportedException: Content type 'multipart/form-data;boundary=----WebKitFormBoundarySnqFqJFmfFArMI5A;charset=UTF-8' not supported]
2022-11-14 00:48:46.364 INFO  com.gznx.config.BootstrapApplication              :55   [32m                  [0;39m Starting BootstrapApplication using Java 1.8.0_351 on Avalon with PID 3756 (F:\code\bootstrap\target\classes started by Avalon in F:\code\bootstrap)
2022-11-14 00:48:46.367 INFO  com.gznx.config.BootstrapApplication              :675  [32m                  [0;39m No active profile set, falling back to 1 default profile: "default"
2022-11-14 00:48:47.199 INFO  o.s.boot.web.embedded.tomcat.TomcatWebServer      :108  [32m                  [0;39m Tomcat initialized with port(s): 8081 (http)
2022-11-14 00:48:47.208 INFO  org.apache.coyote.http11.Http11NioProtocol        :173  [32m                  [0;39m Initializing ProtocolHandler ["http-nio-8081"]
2022-11-14 00:48:47.208 INFO  org.apache.catalina.core.StandardService          :173  [32m                  [0;39m Starting service [Tomcat]
2022-11-14 00:48:47.209 INFO  org.apache.catalina.core.StandardEngine           :173  [32m                  [0;39m Starting Servlet engine: [Apache Tomcat/9.0.58]
2022-11-14 00:48:47.282 INFO  o.a.c.core.ContainerBase.[Tomcat].[localhost].[/] :173  [32m                  [0;39m Initializing Spring embedded WebApplicationContext
2022-11-14 00:48:47.283 INFO  o.s.b.w.s.c.ServletWebServerApplicationContext    :290  [32m                  [0;39m Root WebApplicationContext: initialization completed in 862 ms
2022-11-14 00:48:47.632 INFO  org.apache.coyote.http11.Http11NioProtocol        :173  [32m                  [0;39m Starting ProtocolHandler ["http-nio-8081"]
2022-11-14 00:48:47.665 INFO  o.s.boot.web.embedded.tomcat.TomcatWebServer      :220  [32m                  [0;39m Tomcat started on port(s): 8081 (http) with context path ''
2022-11-14 00:48:47.676 INFO  com.gznx.config.BootstrapApplication              :61   [32m                  [0;39m Started BootstrapApplication in 1.995 seconds (JVM running for 4.748)
2022-11-14 00:48:47.681 INFO  com.gznx.config.BootstrapApplication              :18   [32m                  [0;39m Bootstrap 启动成功！！
2022-11-14 00:48:47.681 INFO  com.gznx.config.BootstrapApplication              :19   [32m                  [0;39m 地址：	http://localhost:8081
2022-11-14 00:48:55.138 INFO  o.a.c.core.ContainerBase.[Tomcat].[localhost].[/] :173  [32m                  [0;39m Initializing Spring DispatcherServlet 'dispatcherServlet'
2022-11-14 00:48:55.139 INFO  org.springframework.web.servlet.DispatcherServlet :525  [32m                  [0;39m Initializing Servlet 'dispatcherServlet'
2022-11-14 00:48:55.140 INFO  org.springframework.web.servlet.DispatcherServlet :547  [32m                  [0;39m Completed initialization in 1 ms
2022-11-14 00:48:55.316 WARN  org.apache.catalina.connector.Request             :173  [32m                  [0;39m Creating the temporary upload location [C:\Users\Administrator\AppData\Local\Temp\tomcat.8081.8783423030903411927\work\Tomcat\localhost\ROOT\.\upload_temp] as it is required by the servlet [dispatcherServlet]
